Analysis & Synthesis report for Sistema_Elevador
Wed Nov 27 09:46:08 2024
Quartus Prime Version 20.1.0 Build 711 06/05/2020 SJ Lite Edition


---------------------
; Table of Contents ;
---------------------
  1. Legal Notice
  2. Analysis & Synthesis Summary
  3. Analysis & Synthesis Settings
  4. Parallel Compilation
  5. Analysis & Synthesis Source Files Read
  6. Analysis & Synthesis Resource Usage Summary
  7. Analysis & Synthesis Resource Utilization by Entity
  8. Registers Removed During Synthesis
  9. General Register Statistics
 10. Port Connectivity Checks: "debouce:comb_5|FF_d:d1"
 11. Port Connectivity Checks: "controle_andares:controlAndares|mux_2x1:mux_para_clock"
 12. Port Connectivity Checks: "divisor_frequencia:df|FF_jk:FF_jk26"
 13. Port Connectivity Checks: "divisor_frequencia:df|FF_jk:FF_jk25"
 14. Port Connectivity Checks: "divisor_frequencia:df|FF_jk:FF_jk24"
 15. Port Connectivity Checks: "divisor_frequencia:df|FF_jk:FF_jk23"
 16. Port Connectivity Checks: "divisor_frequencia:df|FF_jk:FF_jk22"
 17. Port Connectivity Checks: "divisor_frequencia:df|FF_jk:FF_jk21"
 18. Port Connectivity Checks: "divisor_frequencia:df|FF_jk:FF_jk20"
 19. Port Connectivity Checks: "divisor_frequencia:df|FF_jk:FF_jk19"
 20. Port Connectivity Checks: "divisor_frequencia:df|FF_jk:FF_jk18"
 21. Port Connectivity Checks: "divisor_frequencia:df|FF_jk:FF_jk17"
 22. Port Connectivity Checks: "divisor_frequencia:df|FF_jk:FF_jk16"
 23. Port Connectivity Checks: "divisor_frequencia:df|FF_jk:FF_jk15"
 24. Port Connectivity Checks: "divisor_frequencia:df|FF_jk:FF_jk14"
 25. Port Connectivity Checks: "divisor_frequencia:df|FF_jk:FF_jk13"
 26. Port Connectivity Checks: "divisor_frequencia:df|FF_jk:FF_jk12"
 27. Port Connectivity Checks: "divisor_frequencia:df|FF_jk:FF_jk11"
 28. Port Connectivity Checks: "divisor_frequencia:df|FF_jk:FF_jk10"
 29. Port Connectivity Checks: "divisor_frequencia:df|FF_jk:FF_jk9"
 30. Port Connectivity Checks: "divisor_frequencia:df|FF_jk:FF_jk8"
 31. Port Connectivity Checks: "divisor_frequencia:df|FF_jk:FF_jk7"
 32. Port Connectivity Checks: "divisor_frequencia:df|FF_jk:FF_jk6"
 33. Port Connectivity Checks: "divisor_frequencia:df|FF_jk:FF_jk5"
 34. Port Connectivity Checks: "divisor_frequencia:df|FF_jk:FF_jk4"
 35. Port Connectivity Checks: "divisor_frequencia:df|FF_jk:FF_jk3"
 36. Port Connectivity Checks: "divisor_frequencia:df|FF_jk:FF_jk2"
 37. Port Connectivity Checks: "divisor_frequencia:df|FF_jk:FF_jk1"
 38. Analysis & Synthesis Messages
 39. Analysis & Synthesis Suppressed Messages



----------------
; Legal Notice ;
----------------
Copyright (C) 2020  Intel Corporation. All rights reserved.
Your use of Intel Corporation's design tools, logic functions 
and other software and tools, and any partner logic 
functions, and any output files from any of the foregoing 
(including device programming or simulation files), and any 
associated documentation or information are expressly subject 
to the terms and conditions of the Intel Program License 
Subscription Agreement, the Intel Quartus Prime License Agreement,
the Intel FPGA IP License Agreement, or other applicable license
agreement, including, without limitation, that your use is for
the sole purpose of programming logic devices manufactured by
Intel and sold by Intel or its authorized distributors.  Please
refer to the applicable agreement for further details, at
https://fpgasoftware.intel.com/eula.



+---------------------------------------------------------------------------+
; Analysis & Synthesis Summary                                              ;
+-----------------------------+---------------------------------------------+
; Analysis & Synthesis Status ; Successful - Wed Nov 27 09:46:08 2024       ;
; Quartus Prime Version       ; 20.1.0 Build 711 06/05/2020 SJ Lite Edition ;
; Revision Name               ; Sistema_Elevador                            ;
; Top-level Entity Name       ; main                                        ;
; Family                      ; MAX II                                      ;
; Total logic elements        ; 44                                          ;
; Total pins                  ; 19                                          ;
; Total virtual pins          ; 0                                           ;
; UFM blocks                  ; 0 / 1 ( 0 % )                               ;
+-----------------------------+---------------------------------------------+


+------------------------------------------------------------------------------------------------------------+
; Analysis & Synthesis Settings                                                                              ;
+------------------------------------------------------------------+--------------------+--------------------+
; Option                                                           ; Setting            ; Default Value      ;
+------------------------------------------------------------------+--------------------+--------------------+
; Device                                                           ; EPM240T100C5       ;                    ;
; Top-level entity name                                            ; main               ; Sistema_Elevador   ;
; Family name                                                      ; MAX II             ; Cyclone V          ;
; Use smart compilation                                            ; Off                ; Off                ;
; Enable parallel Assembler and Timing Analyzer during compilation ; On                 ; On                 ;
; Enable compact report table                                      ; Off                ; Off                ;
; Restructure Multiplexers                                         ; Auto               ; Auto               ;
; Create Debugging Nodes for IP Cores                              ; Off                ; Off                ;
; Preserve fewer node names                                        ; On                 ; On                 ;
; Intel FPGA IP Evaluation Mode                                    ; Enable             ; Enable             ;
; Verilog Version                                                  ; Verilog_2001       ; Verilog_2001       ;
; VHDL Version                                                     ; VHDL_1993          ; VHDL_1993          ;
; State Machine Processing                                         ; Auto               ; Auto               ;
; Safe State Machine                                               ; Off                ; Off                ;
; Extract Verilog State Machines                                   ; On                 ; On                 ;
; Extract VHDL State Machines                                      ; On                 ; On                 ;
; Ignore Verilog initial constructs                                ; Off                ; Off                ;
; Iteration limit for constant Verilog loops                       ; 5000               ; 5000               ;
; Iteration limit for non-constant Verilog loops                   ; 250                ; 250                ;
; Add Pass-Through Logic to Inferred RAMs                          ; On                 ; On                 ;
; Infer RAMs from Raw Logic                                        ; On                 ; On                 ;
; Parallel Synthesis                                               ; On                 ; On                 ;
; NOT Gate Push-Back                                               ; On                 ; On                 ;
; Power-Up Don't Care                                              ; On                 ; On                 ;
; Remove Redundant Logic Cells                                     ; Off                ; Off                ;
; Remove Duplicate Registers                                       ; On                 ; On                 ;
; Ignore CARRY Buffers                                             ; Off                ; Off                ;
; Ignore CASCADE Buffers                                           ; Off                ; Off                ;
; Ignore GLOBAL Buffers                                            ; Off                ; Off                ;
; Ignore ROW GLOBAL Buffers                                        ; Off                ; Off                ;
; Ignore LCELL Buffers                                             ; Off                ; Off                ;
; Ignore SOFT Buffers                                              ; On                 ; On                 ;
; Limit AHDL Integers to 32 Bits                                   ; Off                ; Off                ;
; Optimization Technique                                           ; Balanced           ; Balanced           ;
; Carry Chain Length                                               ; 70                 ; 70                 ;
; Auto Carry Chains                                                ; On                 ; On                 ;
; Auto Open-Drain Pins                                             ; On                 ; On                 ;
; Perform WYSIWYG Primitive Resynthesis                            ; Off                ; Off                ;
; Auto Shift Register Replacement                                  ; Auto               ; Auto               ;
; Allow Shift Register Merging across Hierarchies                  ; Auto               ; Auto               ;
; Auto Clock Enable Replacement                                    ; On                 ; On                 ;
; Allow Synchronous Control Signals                                ; On                 ; On                 ;
; Force Use of Synchronous Clear Signals                           ; Off                ; Off                ;
; Auto Resource Sharing                                            ; Off                ; Off                ;
; Use LogicLock Constraints during Resource Balancing              ; On                 ; On                 ;
; Ignore translate_off and synthesis_off directives                ; Off                ; Off                ;
; Report Parameter Settings                                        ; On                 ; On                 ;
; Report Source Assignments                                        ; On                 ; On                 ;
; Report Connectivity Checks                                       ; On                 ; On                 ;
; Ignore Maximum Fan-Out Assignments                               ; Off                ; Off                ;
; Synchronization Register Chain Length                            ; 2                  ; 2                  ;
; Power Optimization During Synthesis                              ; Normal compilation ; Normal compilation ;
; HDL message level                                                ; Level2             ; Level2             ;
; Suppress Register Optimization Related Messages                  ; Off                ; Off                ;
; Number of Removed Registers Reported in Synthesis Report         ; 5000               ; 5000               ;
; Number of Swept Nodes Reported in Synthesis Report               ; 5000               ; 5000               ;
; Number of Inverted Registers Reported in Synthesis Report        ; 100                ; 100                ;
; Clock MUX Protection                                             ; On                 ; On                 ;
; Block Design Naming                                              ; Auto               ; Auto               ;
; Synthesis Effort                                                 ; Auto               ; Auto               ;
; Shift Register Replacement - Allow Asynchronous Clear Signal     ; On                 ; On                 ;
; Analysis & Synthesis Message Level                               ; Medium             ; Medium             ;
; Disable Register Merging Across Hierarchies                      ; Auto               ; Auto               ;
+------------------------------------------------------------------+--------------------+--------------------+


+------------------------------------------+
; Parallel Compilation                     ;
+----------------------------+-------------+
; Processors                 ; Number      ;
+----------------------------+-------------+
; Number detected on machine ; 4           ;
; Maximum allowed            ; 2           ;
;                            ;             ;
; Average used               ; 1.00        ;
; Maximum used               ; 1           ;
;                            ;             ;
; Usage by Processor         ; % Time Used ;
;     Processor 1            ; 100.0%      ;
+----------------------------+-------------+


+--------------------------------------------------------------------------------------------------------------------------------------------------------------------------------------------------------------------------------+
; Analysis & Synthesis Source Files Read                                                                                                                                                                                         ;
+----------------------------------+-----------------+------------------------+----------------------------------------------------------------------------------------------------------------------------------------+---------+
; File Name with User-Entered Path ; Used in Netlist ; File Type              ; File Name with Absolute Path                                                                                                           ; Library ;
+----------------------------------+-----------------+------------------------+----------------------------------------------------------------------------------------------------------------------------------------+---------+
; FF_d.v                           ; yes             ; User Verilog HDL File  ; /home/lucas/codigos/uefs/mi circuitos digitais/sistema-elevador-capacidade-pessoas-2.0/sistema elevador/FF_d.v                         ;         ;
; controle_andares.v               ; yes             ; User Verilog HDL File  ; /home/lucas/codigos/uefs/mi circuitos digitais/sistema-elevador-capacidade-pessoas-2.0/sistema elevador/controle_andares.v             ;         ;
; display_andar.v                  ; yes             ; User Verilog HDL File  ; /home/lucas/codigos/uefs/mi circuitos digitais/sistema-elevador-capacidade-pessoas-2.0/sistema elevador/display_andar.v                ;         ;
; FF_jk.v                          ; yes             ; User Verilog HDL File  ; /home/lucas/codigos/uefs/mi circuitos digitais/sistema-elevador-capacidade-pessoas-2.0/sistema elevador/FF_jk.v                        ;         ;
; main.v                           ; yes             ; User Verilog HDL File  ; /home/lucas/codigos/uefs/mi circuitos digitais/sistema-elevador-capacidade-pessoas-2.0/sistema elevador/main.v                         ;         ;
; divisor_frequencia.v             ; yes             ; User Verilog HDL File  ; /home/lucas/codigos/uefs/mi circuitos digitais/sistema-elevador-capacidade-pessoas-2.0/sistema elevador/divisor_frequencia.v           ;         ;
; comparador.v                     ; yes             ; User Verilog HDL File  ; /home/lucas/codigos/uefs/mi circuitos digitais/sistema-elevador-capacidade-pessoas-2.0/sistema elevador/comparador.v                   ;         ;
; mux_2x1.v                        ; yes             ; User Verilog HDL File  ; /home/lucas/codigos/uefs/mi circuitos digitais/sistema-elevador-capacidade-pessoas-2.0/sistema elevador/mux_2x1.v                      ;         ;
; debouce.v                        ; yes             ; User Verilog HDL File  ; /home/lucas/codigos/uefs/mi circuitos digitais/sistema-elevador-capacidade-pessoas-2.0/sistema elevador/debouce.v                      ;         ;
; contagem_pessoas_no_elevador.v   ; yes             ; User Verilog HDL File  ; /home/lucas/codigos/uefs/mi circuitos digitais/sistema-elevador-capacidade-pessoas-2.0/sistema elevador/contagem_pessoas_no_elevador.v ;         ;
; display_pessoas.v                ; yes             ; User Verilog HDL File  ; /home/lucas/codigos/uefs/mi circuitos digitais/sistema-elevador-capacidade-pessoas-2.0/sistema elevador/display_pessoas.v              ;         ;
; gerenciar_display.v              ; yes             ; User Verilog HDL File  ; /home/lucas/codigos/uefs/mi circuitos digitais/sistema-elevador-capacidade-pessoas-2.0/sistema elevador/gerenciar_display.v            ;         ;
+----------------------------------+-----------------+------------------------+----------------------------------------------------------------------------------------------------------------------------------------+---------+


+-------------------------------------------------------------------------------------+
; Analysis & Synthesis Resource Usage Summary                                         ;
+---------------------------------------------+---------------------------------------+
; Resource                                    ; Usage                                 ;
+---------------------------------------------+---------------------------------------+
; Total logic elements                        ; 44                                    ;
;     -- Combinational with no register       ; 12                                    ;
;     -- Register only                        ; 2                                     ;
;     -- Combinational with a register        ; 30                                    ;
;                                             ;                                       ;
; Logic element usage by number of LUT inputs ;                                       ;
;     -- 4 input functions                    ; 10                                    ;
;     -- 3 input functions                    ; 4                                     ;
;     -- 2 input functions                    ; 2                                     ;
;     -- 1 input functions                    ; 26                                    ;
;     -- 0 input functions                    ; 0                                     ;
;                                             ;                                       ;
; Logic elements by mode                      ;                                       ;
;     -- normal mode                          ; 44                                    ;
;     -- arithmetic mode                      ; 0                                     ;
;     -- qfbk mode                            ; 0                                     ;
;     -- register cascade mode                ; 0                                     ;
;     -- synchronous clear/load mode          ; 0                                     ;
;     -- asynchronous clear/load mode         ; 0                                     ;
;                                             ;                                       ;
; Total registers                             ; 32                                    ;
; I/O pins                                    ; 19                                    ;
; Maximum fan-out node                        ; divisor_frequencia:df|FF_jk:FF_jk12|q ;
; Maximum fan-out                             ; 12                                    ;
; Total fan-out                               ; 127                                   ;
; Average fan-out                             ; 2.02                                  ;
+---------------------------------------------+---------------------------------------+


+----------------------------------------------------------------------------------------------------------------------------------------------------------------------------------------------------------------------------------------------------------------------------------------------------------------------------------------------------------------------------------------------------------+
; Analysis & Synthesis Resource Utilization by Entity                                                                                                                                                                                                                                                                                                                                                      ;
+-------------------------------------------------------------------+-------------+--------------+------------+------+--------------+--------------+-------------------+------------------+-----------------+------------+------------------------------------------------------------------------------------------------------------------------+-----------------------------------------+--------------+
; Compilation Hierarchy Node                                        ; Logic Cells ; LC Registers ; UFM Blocks ; Pins ; Virtual Pins ; LUT-Only LCs ; Register-Only LCs ; LUT/Register LCs ; Carry Chain LCs ; Packed LCs ; Full Hierarchy Name                                                                                                    ; Entity Name                             ; Library Name ;
+-------------------------------------------------------------------+-------------+--------------+------------+------+--------------+--------------+-------------------+------------------+-----------------+------------+------------------------------------------------------------------------------------------------------------------------+-----------------------------------------+--------------+
; |main                                                             ; 44 (0)      ; 32           ; 0          ; 19   ; 0            ; 12 (0)       ; 2 (0)             ; 30 (0)           ; 0 (0)           ; 0 (0)      ; |main                                                                                                                  ; main                                    ; work         ;
;    |contagem_pessoas_no_elevador:contador_pessoas_elevador|       ; 3 (0)       ; 2            ; 0          ; 0    ; 0            ; 1 (0)        ; 0 (0)             ; 2 (0)            ; 0 (0)           ; 0 (0)      ; |main|contagem_pessoas_no_elevador:contador_pessoas_elevador                                                           ; contagem_pessoas_no_elevador            ; work         ;
;       |FF_d:Y0|                                                   ; 1 (1)       ; 1            ; 0          ; 0    ; 0            ; 0 (0)        ; 0 (0)             ; 1 (1)            ; 0 (0)           ; 0 (0)      ; |main|contagem_pessoas_no_elevador:contador_pessoas_elevador|FF_d:Y0                                                   ; FF_d                                    ; work         ;
;       |FF_d:Y1|                                                   ; 1 (1)       ; 1            ; 0          ; 0    ; 0            ; 0 (0)        ; 0 (0)             ; 1 (1)            ; 0 (0)           ; 0 (0)      ; |main|contagem_pessoas_no_elevador:contador_pessoas_elevador|FF_d:Y1                                                   ; FF_d                                    ; work         ;
;       |controle_quantidade_pessoas_no_elevador:control_quant_pes| ; 1 (1)       ; 0            ; 0          ; 0    ; 0            ; 1 (1)        ; 0 (0)             ; 0 (0)            ; 0 (0)           ; 0 (0)      ; |main|contagem_pessoas_no_elevador:contador_pessoas_elevador|controle_quantidade_pessoas_no_elevador:control_quant_pes ; controle_quantidade_pessoas_no_elevador ; work         ;
;    |controle_andares:controlAndares|                              ; 4 (0)       ; 2            ; 0          ; 0    ; 0            ; 2 (0)        ; 0 (0)             ; 2 (0)            ; 0 (0)           ; 0 (0)      ; |main|controle_andares:controlAndares                                                                                  ; controle_andares                        ; work         ;
;       |FF_d:FlipFlop_Q0|                                          ; 1 (1)       ; 1            ; 0          ; 0    ; 0            ; 0 (0)        ; 0 (0)             ; 1 (1)            ; 0 (0)           ; 0 (0)      ; |main|controle_andares:controlAndares|FF_d:FlipFlop_Q0                                                                 ; FF_d                                    ; work         ;
;       |FF_d:FlipFlop_Q1|                                          ; 1 (1)       ; 1            ; 0          ; 0    ; 0            ; 0 (0)        ; 0 (0)             ; 1 (1)            ; 0 (0)           ; 0 (0)      ; |main|controle_andares:controlAndares|FF_d:FlipFlop_Q1                                                                 ; FF_d                                    ; work         ;
;       |mux_2x1:mux_para_clock|                                    ; 2 (2)       ; 0            ; 0          ; 0    ; 0            ; 2 (2)        ; 0 (0)             ; 0 (0)            ; 0 (0)           ; 0 (0)      ; |main|controle_andares:controlAndares|mux_2x1:mux_para_clock                                                           ; mux_2x1                                 ; work         ;
;    |debouce:comb_5|                                               ; 1 (0)       ; 1            ; 0          ; 0    ; 0            ; 0 (0)        ; 1 (0)             ; 0 (0)            ; 0 (0)           ; 0 (0)      ; |main|debouce:comb_5                                                                                                   ; debouce                                 ; work         ;
;       |FF_d:d0|                                                   ; 1 (1)       ; 1            ; 0          ; 0    ; 0            ; 0 (0)        ; 1 (1)             ; 0 (0)            ; 0 (0)           ; 0 (0)      ; |main|debouce:comb_5|FF_d:d0                                                                                           ; FF_d                                    ; work         ;
;    |debouce:comb_6|                                               ; 1 (0)       ; 1            ; 0          ; 0    ; 0            ; 0 (0)        ; 1 (0)             ; 0 (0)            ; 0 (0)           ; 0 (0)      ; |main|debouce:comb_6                                                                                                   ; debouce                                 ; work         ;
;       |FF_d:d0|                                                   ; 1 (1)       ; 1            ; 0          ; 0    ; 0            ; 0 (0)        ; 1 (1)             ; 0 (0)            ; 0 (0)           ; 0 (0)      ; |main|debouce:comb_6|FF_d:d0                                                                                           ; FF_d                                    ; work         ;
;    |divisor_frequencia:df|                                        ; 26 (0)      ; 26           ; 0          ; 0    ; 0            ; 0 (0)        ; 0 (0)             ; 26 (0)           ; 0 (0)           ; 0 (0)      ; |main|divisor_frequencia:df                                                                                            ; divisor_frequencia                      ; work         ;
;       |FF_jk:FF_jk10|                                             ; 1 (1)       ; 1            ; 0          ; 0    ; 0            ; 0 (0)        ; 0 (0)             ; 1 (1)            ; 0 (0)           ; 0 (0)      ; |main|divisor_frequencia:df|FF_jk:FF_jk10                                                                              ; FF_jk                                   ; work         ;
;       |FF_jk:FF_jk11|                                             ; 1 (1)       ; 1            ; 0          ; 0    ; 0            ; 0 (0)        ; 0 (0)             ; 1 (1)            ; 0 (0)           ; 0 (0)      ; |main|divisor_frequencia:df|FF_jk:FF_jk11                                                                              ; FF_jk                                   ; work         ;
;       |FF_jk:FF_jk12|                                             ; 1 (1)       ; 1            ; 0          ; 0    ; 0            ; 0 (0)        ; 0 (0)             ; 1 (1)            ; 0 (0)           ; 0 (0)      ; |main|divisor_frequencia:df|FF_jk:FF_jk12                                                                              ; FF_jk                                   ; work         ;
;       |FF_jk:FF_jk13|                                             ; 1 (1)       ; 1            ; 0          ; 0    ; 0            ; 0 (0)        ; 0 (0)             ; 1 (1)            ; 0 (0)           ; 0 (0)      ; |main|divisor_frequencia:df|FF_jk:FF_jk13                                                                              ; FF_jk                                   ; work         ;
;       |FF_jk:FF_jk14|                                             ; 1 (1)       ; 1            ; 0          ; 0    ; 0            ; 0 (0)        ; 0 (0)             ; 1 (1)            ; 0 (0)           ; 0 (0)      ; |main|divisor_frequencia:df|FF_jk:FF_jk14                                                                              ; FF_jk                                   ; work         ;
;       |FF_jk:FF_jk15|                                             ; 1 (1)       ; 1            ; 0          ; 0    ; 0            ; 0 (0)        ; 0 (0)             ; 1 (1)            ; 0 (0)           ; 0 (0)      ; |main|divisor_frequencia:df|FF_jk:FF_jk15                                                                              ; FF_jk                                   ; work         ;
;       |FF_jk:FF_jk16|                                             ; 1 (1)       ; 1            ; 0          ; 0    ; 0            ; 0 (0)        ; 0 (0)             ; 1 (1)            ; 0 (0)           ; 0 (0)      ; |main|divisor_frequencia:df|FF_jk:FF_jk16                                                                              ; FF_jk                                   ; work         ;
;       |FF_jk:FF_jk17|                                             ; 1 (1)       ; 1            ; 0          ; 0    ; 0            ; 0 (0)        ; 0 (0)             ; 1 (1)            ; 0 (0)           ; 0 (0)      ; |main|divisor_frequencia:df|FF_jk:FF_jk17                                                                              ; FF_jk                                   ; work         ;
;       |FF_jk:FF_jk18|                                             ; 1 (1)       ; 1            ; 0          ; 0    ; 0            ; 0 (0)        ; 0 (0)             ; 1 (1)            ; 0 (0)           ; 0 (0)      ; |main|divisor_frequencia:df|FF_jk:FF_jk18                                                                              ; FF_jk                                   ; work         ;
;       |FF_jk:FF_jk19|                                             ; 1 (1)       ; 1            ; 0          ; 0    ; 0            ; 0 (0)        ; 0 (0)             ; 1 (1)            ; 0 (0)           ; 0 (0)      ; |main|divisor_frequencia:df|FF_jk:FF_jk19                                                                              ; FF_jk                                   ; work         ;
;       |FF_jk:FF_jk1|                                              ; 1 (1)       ; 1            ; 0          ; 0    ; 0            ; 0 (0)        ; 0 (0)             ; 1 (1)            ; 0 (0)           ; 0 (0)      ; |main|divisor_frequencia:df|FF_jk:FF_jk1                                                                               ; FF_jk                                   ; work         ;
;       |FF_jk:FF_jk20|                                             ; 1 (1)       ; 1            ; 0          ; 0    ; 0            ; 0 (0)        ; 0 (0)             ; 1 (1)            ; 0 (0)           ; 0 (0)      ; |main|divisor_frequencia:df|FF_jk:FF_jk20                                                                              ; FF_jk                                   ; work         ;
;       |FF_jk:FF_jk21|                                             ; 1 (1)       ; 1            ; 0          ; 0    ; 0            ; 0 (0)        ; 0 (0)             ; 1 (1)            ; 0 (0)           ; 0 (0)      ; |main|divisor_frequencia:df|FF_jk:FF_jk21                                                                              ; FF_jk                                   ; work         ;
;       |FF_jk:FF_jk22|                                             ; 1 (1)       ; 1            ; 0          ; 0    ; 0            ; 0 (0)        ; 0 (0)             ; 1 (1)            ; 0 (0)           ; 0 (0)      ; |main|divisor_frequencia:df|FF_jk:FF_jk22                                                                              ; FF_jk                                   ; work         ;
;       |FF_jk:FF_jk23|                                             ; 1 (1)       ; 1            ; 0          ; 0    ; 0            ; 0 (0)        ; 0 (0)             ; 1 (1)            ; 0 (0)           ; 0 (0)      ; |main|divisor_frequencia:df|FF_jk:FF_jk23                                                                              ; FF_jk                                   ; work         ;
;       |FF_jk:FF_jk24|                                             ; 1 (1)       ; 1            ; 0          ; 0    ; 0            ; 0 (0)        ; 0 (0)             ; 1 (1)            ; 0 (0)           ; 0 (0)      ; |main|divisor_frequencia:df|FF_jk:FF_jk24                                                                              ; FF_jk                                   ; work         ;
;       |FF_jk:FF_jk25|                                             ; 1 (1)       ; 1            ; 0          ; 0    ; 0            ; 0 (0)        ; 0 (0)             ; 1 (1)            ; 0 (0)           ; 0 (0)      ; |main|divisor_frequencia:df|FF_jk:FF_jk25                                                                              ; FF_jk                                   ; work         ;
;       |FF_jk:FF_jk26|                                             ; 1 (1)       ; 1            ; 0          ; 0    ; 0            ; 0 (0)        ; 0 (0)             ; 1 (1)            ; 0 (0)           ; 0 (0)      ; |main|divisor_frequencia:df|FF_jk:FF_jk26                                                                              ; FF_jk                                   ; work         ;
;       |FF_jk:FF_jk2|                                              ; 1 (1)       ; 1            ; 0          ; 0    ; 0            ; 0 (0)        ; 0 (0)             ; 1 (1)            ; 0 (0)           ; 0 (0)      ; |main|divisor_frequencia:df|FF_jk:FF_jk2                                                                               ; FF_jk                                   ; work         ;
;       |FF_jk:FF_jk3|                                              ; 1 (1)       ; 1            ; 0          ; 0    ; 0            ; 0 (0)        ; 0 (0)             ; 1 (1)            ; 0 (0)           ; 0 (0)      ; |main|divisor_frequencia:df|FF_jk:FF_jk3                                                                               ; FF_jk                                   ; work         ;
;       |FF_jk:FF_jk4|                                              ; 1 (1)       ; 1            ; 0          ; 0    ; 0            ; 0 (0)        ; 0 (0)             ; 1 (1)            ; 0 (0)           ; 0 (0)      ; |main|divisor_frequencia:df|FF_jk:FF_jk4                                                                               ; FF_jk                                   ; work         ;
;       |FF_jk:FF_jk5|                                              ; 1 (1)       ; 1            ; 0          ; 0    ; 0            ; 0 (0)        ; 0 (0)             ; 1 (1)            ; 0 (0)           ; 0 (0)      ; |main|divisor_frequencia:df|FF_jk:FF_jk5                                                                               ; FF_jk                                   ; work         ;
;       |FF_jk:FF_jk6|                                              ; 1 (1)       ; 1            ; 0          ; 0    ; 0            ; 0 (0)        ; 0 (0)             ; 1 (1)            ; 0 (0)           ; 0 (0)      ; |main|divisor_frequencia:df|FF_jk:FF_jk6                                                                               ; FF_jk                                   ; work         ;
;       |FF_jk:FF_jk7|                                              ; 1 (1)       ; 1            ; 0          ; 0    ; 0            ; 0 (0)        ; 0 (0)             ; 1 (1)            ; 0 (0)           ; 0 (0)      ; |main|divisor_frequencia:df|FF_jk:FF_jk7                                                                               ; FF_jk                                   ; work         ;
;       |FF_jk:FF_jk8|                                              ; 1 (1)       ; 1            ; 0          ; 0    ; 0            ; 0 (0)        ; 0 (0)             ; 1 (1)            ; 0 (0)           ; 0 (0)      ; |main|divisor_frequencia:df|FF_jk:FF_jk8                                                                               ; FF_jk                                   ; work         ;
;       |FF_jk:FF_jk9|                                              ; 1 (1)       ; 1            ; 0          ; 0    ; 0            ; 0 (0)        ; 0 (0)             ; 1 (1)            ; 0 (0)           ; 0 (0)      ; |main|divisor_frequencia:df|FF_jk:FF_jk9                                                                               ; FF_jk                                   ; work         ;
;    |gerenciar_display:gerenciandoDisplay|                         ; 9 (0)       ; 0            ; 0          ; 0    ; 0            ; 9 (0)        ; 0 (0)             ; 0 (0)            ; 0 (0)           ; 0 (0)      ; |main|gerenciar_display:gerenciandoDisplay                                                                             ; gerenciar_display                       ; work         ;
;       |mux_2x1:mux_seg_a|                                         ; 2 (2)       ; 0            ; 0          ; 0    ; 0            ; 2 (2)        ; 0 (0)             ; 0 (0)            ; 0 (0)           ; 0 (0)      ; |main|gerenciar_display:gerenciandoDisplay|mux_2x1:mux_seg_a                                                           ; mux_2x1                                 ; work         ;
;       |mux_2x1:mux_seg_b|                                         ; 1 (1)       ; 0            ; 0          ; 0    ; 0            ; 1 (1)        ; 0 (0)             ; 0 (0)            ; 0 (0)           ; 0 (0)      ; |main|gerenciar_display:gerenciandoDisplay|mux_2x1:mux_seg_b                                                           ; mux_2x1                                 ; work         ;
;       |mux_2x1:mux_seg_c|                                         ; 1 (1)       ; 0            ; 0          ; 0    ; 0            ; 1 (1)        ; 0 (0)             ; 0 (0)            ; 0 (0)           ; 0 (0)      ; |main|gerenciar_display:gerenciandoDisplay|mux_2x1:mux_seg_c                                                           ; mux_2x1                                 ; work         ;
;       |mux_2x1:mux_seg_d|                                         ; 1 (1)       ; 0            ; 0          ; 0    ; 0            ; 1 (1)        ; 0 (0)             ; 0 (0)            ; 0 (0)           ; 0 (0)      ; |main|gerenciar_display:gerenciandoDisplay|mux_2x1:mux_seg_d                                                           ; mux_2x1                                 ; work         ;
;       |mux_2x1:mux_seg_e|                                         ; 1 (1)       ; 0            ; 0          ; 0    ; 0            ; 1 (1)        ; 0 (0)             ; 0 (0)            ; 0 (0)           ; 0 (0)      ; |main|gerenciar_display:gerenciandoDisplay|mux_2x1:mux_seg_e                                                           ; mux_2x1                                 ; work         ;
;       |mux_2x1:mux_seg_f|                                         ; 2 (2)       ; 0            ; 0          ; 0    ; 0            ; 2 (2)        ; 0 (0)             ; 0 (0)            ; 0 (0)           ; 0 (0)      ; |main|gerenciar_display:gerenciandoDisplay|mux_2x1:mux_seg_f                                                           ; mux_2x1                                 ; work         ;
;       |mux_2x1:mux_seg_g|                                         ; 1 (1)       ; 0            ; 0          ; 0    ; 0            ; 1 (1)        ; 0 (0)             ; 0 (0)            ; 0 (0)           ; 0 (0)      ; |main|gerenciar_display:gerenciandoDisplay|mux_2x1:mux_seg_g                                                           ; mux_2x1                                 ; work         ;
+-------------------------------------------------------------------+-------------+--------------+------------+------+--------------+--------------+-------------------+------------------+-----------------+------------+------------------------------------------------------------------------------------------------------------------------+-----------------------------------------+--------------+
Note: For table entries with two numbers listed, the numbers in parentheses indicate the number of resources of the given type used by the specific entity alone. The numbers listed outside of parentheses indicate the total resources of the given type used by the specific entity and all of its sub-entities in the hierarchy.


+--------------------------------------------------------------------------------+
; Registers Removed During Synthesis                                             ;
+---------------------------------------+----------------------------------------+
; Register name                         ; Reason for Removal                     ;
+---------------------------------------+----------------------------------------+
; debouce:comb_6|FF_d:d1|Q              ; Stuck at GND due to stuck port data_in ;
; debouce:comb_5|FF_d:d1|Q              ; Stuck at GND due to stuck port data_in ;
; Total Number of Removed Registers = 2 ;                                        ;
+---------------------------------------+----------------------------------------+


+------------------------------------------------------+
; General Register Statistics                          ;
+----------------------------------------------+-------+
; Statistic                                    ; Value ;
+----------------------------------------------+-------+
; Total registers                              ; 32    ;
; Number of registers using Synchronous Clear  ; 0     ;
; Number of registers using Synchronous Load   ; 0     ;
; Number of registers using Asynchronous Clear ; 0     ;
; Number of registers using Asynchronous Load  ; 0     ;
; Number of registers using Clock Enable       ; 0     ;
; Number of registers using Preset             ; 0     ;
+----------------------------------------------+-------+


+----------------------------------------------------+
; Port Connectivity Checks: "debouce:comb_5|FF_d:d1" ;
+------+-------+----------+--------------------------+
; Port ; Type  ; Severity ; Details                  ;
+------+-------+----------+--------------------------+
; D    ; Input ; Info     ; Explicitly unconnected   ;
+------+-------+----------+--------------------------+


+------------------------------------------------------------------------------------+
; Port Connectivity Checks: "controle_andares:controlAndares|mux_2x1:mux_para_clock" ;
+------+-------+----------+----------------------------------------------------------+
; Port ; Type  ; Severity ; Details                                                  ;
+------+-------+----------+----------------------------------------------------------+
; b    ; Input ; Info     ; Stuck at GND                                             ;
+------+-------+----------+----------------------------------------------------------+


+--------------------------------------------------------------------------------------------------------------------------------------------------------------------------+
; Port Connectivity Checks: "divisor_frequencia:df|FF_jk:FF_jk26"                                                                                                          ;
+--------+-------+----------+----------------------------------------------------------------------------------------------------------------------------------------------+
; Port   ; Type  ; Severity ; Details                                                                                                                                      ;
+--------+-------+----------+----------------------------------------------------------------------------------------------------------------------------------------------+
; j      ; Input ; Info     ; Stuck at VCC                                                                                                                                 ;
; k      ; Input ; Info     ; Stuck at VCC                                                                                                                                 ;
; preset ; Input ; Warning  ; Declared by entity but not connected by instance. If a default value exists, it will be used.  Otherwise, the port will be connected to GND. ;
+--------+-------+----------+----------------------------------------------------------------------------------------------------------------------------------------------+


+--------------------------------------------------------------------------------------------------------------------------------------------------------------------------+
; Port Connectivity Checks: "divisor_frequencia:df|FF_jk:FF_jk25"                                                                                                          ;
+--------+-------+----------+----------------------------------------------------------------------------------------------------------------------------------------------+
; Port   ; Type  ; Severity ; Details                                                                                                                                      ;
+--------+-------+----------+----------------------------------------------------------------------------------------------------------------------------------------------+
; j      ; Input ; Info     ; Stuck at VCC                                                                                                                                 ;
; k      ; Input ; Info     ; Stuck at VCC                                                                                                                                 ;
; preset ; Input ; Warning  ; Declared by entity but not connected by instance. If a default value exists, it will be used.  Otherwise, the port will be connected to GND. ;
+--------+-------+----------+----------------------------------------------------------------------------------------------------------------------------------------------+


+--------------------------------------------------------------------------------------------------------------------------------------------------------------------------+
; Port Connectivity Checks: "divisor_frequencia:df|FF_jk:FF_jk24"                                                                                                          ;
+--------+-------+----------+----------------------------------------------------------------------------------------------------------------------------------------------+
; Port   ; Type  ; Severity ; Details                                                                                                                                      ;
+--------+-------+----------+----------------------------------------------------------------------------------------------------------------------------------------------+
; j      ; Input ; Info     ; Stuck at VCC                                                                                                                                 ;
; k      ; Input ; Info     ; Stuck at VCC                                                                                                                                 ;
; preset ; Input ; Warning  ; Declared by entity but not connected by instance. If a default value exists, it will be used.  Otherwise, the port will be connected to GND. ;
+--------+-------+----------+----------------------------------------------------------------------------------------------------------------------------------------------+


+--------------------------------------------------------------------------------------------------------------------------------------------------------------------------+
; Port Connectivity Checks: "divisor_frequencia:df|FF_jk:FF_jk23"                                                                                                          ;
+--------+-------+----------+----------------------------------------------------------------------------------------------------------------------------------------------+
; Port   ; Type  ; Severity ; Details                                                                                                                                      ;
+--------+-------+----------+----------------------------------------------------------------------------------------------------------------------------------------------+
; j      ; Input ; Info     ; Stuck at VCC                                                                                                                                 ;
; k      ; Input ; Info     ; Stuck at VCC                                                                                                                                 ;
; preset ; Input ; Warning  ; Declared by entity but not connected by instance. If a default value exists, it will be used.  Otherwise, the port will be connected to GND. ;
+--------+-------+----------+----------------------------------------------------------------------------------------------------------------------------------------------+


+--------------------------------------------------------------------------------------------------------------------------------------------------------------------------+
; Port Connectivity Checks: "divisor_frequencia:df|FF_jk:FF_jk22"                                                                                                          ;
+--------+-------+----------+----------------------------------------------------------------------------------------------------------------------------------------------+
; Port   ; Type  ; Severity ; Details                                                                                                                                      ;
+--------+-------+----------+----------------------------------------------------------------------------------------------------------------------------------------------+
; j      ; Input ; Info     ; Stuck at VCC                                                                                                                                 ;
; k      ; Input ; Info     ; Stuck at VCC                                                                                                                                 ;
; preset ; Input ; Warning  ; Declared by entity but not connected by instance. If a default value exists, it will be used.  Otherwise, the port will be connected to GND. ;
+--------+-------+----------+----------------------------------------------------------------------------------------------------------------------------------------------+


+--------------------------------------------------------------------------------------------------------------------------------------------------------------------------+
; Port Connectivity Checks: "divisor_frequencia:df|FF_jk:FF_jk21"                                                                                                          ;
+--------+-------+----------+----------------------------------------------------------------------------------------------------------------------------------------------+
; Port   ; Type  ; Severity ; Details                                                                                                                                      ;
+--------+-------+----------+----------------------------------------------------------------------------------------------------------------------------------------------+
; j      ; Input ; Info     ; Stuck at VCC                                                                                                                                 ;
; k      ; Input ; Info     ; Stuck at VCC                                                                                                                                 ;
; preset ; Input ; Warning  ; Declared by entity but not connected by instance. If a default value exists, it will be used.  Otherwise, the port will be connected to GND. ;
+--------+-------+----------+----------------------------------------------------------------------------------------------------------------------------------------------+


+--------------------------------------------------------------------------------------------------------------------------------------------------------------------------+
; Port Connectivity Checks: "divisor_frequencia:df|FF_jk:FF_jk20"                                                                                                          ;
+--------+-------+----------+----------------------------------------------------------------------------------------------------------------------------------------------+
; Port   ; Type  ; Severity ; Details                                                                                                                                      ;
+--------+-------+----------+----------------------------------------------------------------------------------------------------------------------------------------------+
; j      ; Input ; Info     ; Stuck at VCC                                                                                                                                 ;
; k      ; Input ; Info     ; Stuck at VCC                                                                                                                                 ;
; preset ; Input ; Warning  ; Declared by entity but not connected by instance. If a default value exists, it will be used.  Otherwise, the port will be connected to GND. ;
+--------+-------+----------+----------------------------------------------------------------------------------------------------------------------------------------------+


+--------------------------------------------------------------------------------------------------------------------------------------------------------------------------+
; Port Connectivity Checks: "divisor_frequencia:df|FF_jk:FF_jk19"                                                                                                          ;
+--------+-------+----------+----------------------------------------------------------------------------------------------------------------------------------------------+
; Port   ; Type  ; Severity ; Details                                                                                                                                      ;
+--------+-------+----------+----------------------------------------------------------------------------------------------------------------------------------------------+
; j      ; Input ; Info     ; Stuck at VCC                                                                                                                                 ;
; k      ; Input ; Info     ; Stuck at VCC                                                                                                                                 ;
; preset ; Input ; Warning  ; Declared by entity but not connected by instance. If a default value exists, it will be used.  Otherwise, the port will be connected to GND. ;
+--------+-------+----------+----------------------------------------------------------------------------------------------------------------------------------------------+


+--------------------------------------------------------------------------------------------------------------------------------------------------------------------------+
; Port Connectivity Checks: "divisor_frequencia:df|FF_jk:FF_jk18"                                                                                                          ;
+--------+-------+----------+----------------------------------------------------------------------------------------------------------------------------------------------+
; Port   ; Type  ; Severity ; Details                                                                                                                                      ;
+--------+-------+----------+----------------------------------------------------------------------------------------------------------------------------------------------+
; j      ; Input ; Info     ; Stuck at VCC                                                                                                                                 ;
; k      ; Input ; Info     ; Stuck at VCC                                                                                                                                 ;
; preset ; Input ; Warning  ; Declared by entity but not connected by instance. If a default value exists, it will be used.  Otherwise, the port will be connected to GND. ;
+--------+-------+----------+----------------------------------------------------------------------------------------------------------------------------------------------+


+--------------------------------------------------------------------------------------------------------------------------------------------------------------------------+
; Port Connectivity Checks: "divisor_frequencia:df|FF_jk:FF_jk17"                                                                                                          ;
+--------+-------+----------+----------------------------------------------------------------------------------------------------------------------------------------------+
; Port   ; Type  ; Severity ; Details                                                                                                                                      ;
+--------+-------+----------+----------------------------------------------------------------------------------------------------------------------------------------------+
; j      ; Input ; Info     ; Stuck at VCC                                                                                                                                 ;
; k      ; Input ; Info     ; Stuck at VCC                                                                                                                                 ;
; preset ; Input ; Warning  ; Declared by entity but not connected by instance. If a default value exists, it will be used.  Otherwise, the port will be connected to GND. ;
+--------+-------+----------+----------------------------------------------------------------------------------------------------------------------------------------------+


+--------------------------------------------------------------------------------------------------------------------------------------------------------------------------+
; Port Connectivity Checks: "divisor_frequencia:df|FF_jk:FF_jk16"                                                                                                          ;
+--------+-------+----------+----------------------------------------------------------------------------------------------------------------------------------------------+
; Port   ; Type  ; Severity ; Details                                                                                                                                      ;
+--------+-------+----------+----------------------------------------------------------------------------------------------------------------------------------------------+
; j      ; Input ; Info     ; Stuck at VCC                                                                                                                                 ;
; k      ; Input ; Info     ; Stuck at VCC                                                                                                                                 ;
; preset ; Input ; Warning  ; Declared by entity but not connected by instance. If a default value exists, it will be used.  Otherwise, the port will be connected to GND. ;
+--------+-------+----------+----------------------------------------------------------------------------------------------------------------------------------------------+


+--------------------------------------------------------------------------------------------------------------------------------------------------------------------------+
; Port Connectivity Checks: "divisor_frequencia:df|FF_jk:FF_jk15"                                                                                                          ;
+--------+-------+----------+----------------------------------------------------------------------------------------------------------------------------------------------+
; Port   ; Type  ; Severity ; Details                                                                                                                                      ;
+--------+-------+----------+----------------------------------------------------------------------------------------------------------------------------------------------+
; j      ; Input ; Info     ; Stuck at VCC                                                                                                                                 ;
; k      ; Input ; Info     ; Stuck at VCC                                                                                                                                 ;
; preset ; Input ; Warning  ; Declared by entity but not connected by instance. If a default value exists, it will be used.  Otherwise, the port will be connected to GND. ;
+--------+-------+----------+----------------------------------------------------------------------------------------------------------------------------------------------+


+--------------------------------------------------------------------------------------------------------------------------------------------------------------------------+
; Port Connectivity Checks: "divisor_frequencia:df|FF_jk:FF_jk14"                                                                                                          ;
+--------+-------+----------+----------------------------------------------------------------------------------------------------------------------------------------------+
; Port   ; Type  ; Severity ; Details                                                                                                                                      ;
+--------+-------+----------+----------------------------------------------------------------------------------------------------------------------------------------------+
; j      ; Input ; Info     ; Stuck at VCC                                                                                                                                 ;
; k      ; Input ; Info     ; Stuck at VCC                                                                                                                                 ;
; preset ; Input ; Warning  ; Declared by entity but not connected by instance. If a default value exists, it will be used.  Otherwise, the port will be connected to GND. ;
+--------+-------+----------+----------------------------------------------------------------------------------------------------------------------------------------------+


+--------------------------------------------------------------------------------------------------------------------------------------------------------------------------+
; Port Connectivity Checks: "divisor_frequencia:df|FF_jk:FF_jk13"                                                                                                          ;
+--------+-------+----------+----------------------------------------------------------------------------------------------------------------------------------------------+
; Port   ; Type  ; Severity ; Details                                                                                                                                      ;
+--------+-------+----------+----------------------------------------------------------------------------------------------------------------------------------------------+
; j      ; Input ; Info     ; Stuck at VCC                                                                                                                                 ;
; k      ; Input ; Info     ; Stuck at VCC                                                                                                                                 ;
; preset ; Input ; Warning  ; Declared by entity but not connected by instance. If a default value exists, it will be used.  Otherwise, the port will be connected to GND. ;
+--------+-------+----------+----------------------------------------------------------------------------------------------------------------------------------------------+


+--------------------------------------------------------------------------------------------------------------------------------------------------------------------------+
; Port Connectivity Checks: "divisor_frequencia:df|FF_jk:FF_jk12"                                                                                                          ;
+--------+-------+----------+----------------------------------------------------------------------------------------------------------------------------------------------+
; Port   ; Type  ; Severity ; Details                                                                                                                                      ;
+--------+-------+----------+----------------------------------------------------------------------------------------------------------------------------------------------+
; j      ; Input ; Info     ; Stuck at VCC                                                                                                                                 ;
; k      ; Input ; Info     ; Stuck at VCC                                                                                                                                 ;
; preset ; Input ; Warning  ; Declared by entity but not connected by instance. If a default value exists, it will be used.  Otherwise, the port will be connected to GND. ;
+--------+-------+----------+----------------------------------------------------------------------------------------------------------------------------------------------+


+--------------------------------------------------------------------------------------------------------------------------------------------------------------------------+
; Port Connectivity Checks: "divisor_frequencia:df|FF_jk:FF_jk11"                                                                                                          ;
+--------+-------+----------+----------------------------------------------------------------------------------------------------------------------------------------------+
; Port   ; Type  ; Severity ; Details                                                                                                                                      ;
+--------+-------+----------+----------------------------------------------------------------------------------------------------------------------------------------------+
; j      ; Input ; Info     ; Stuck at VCC                                                                                                                                 ;
; k      ; Input ; Info     ; Stuck at VCC                                                                                                                                 ;
; preset ; Input ; Warning  ; Declared by entity but not connected by instance. If a default value exists, it will be used.  Otherwise, the port will be connected to GND. ;
+--------+-------+----------+----------------------------------------------------------------------------------------------------------------------------------------------+


+--------------------------------------------------------------------------------------------------------------------------------------------------------------------------+
; Port Connectivity Checks: "divisor_frequencia:df|FF_jk:FF_jk10"                                                                                                          ;
+--------+-------+----------+----------------------------------------------------------------------------------------------------------------------------------------------+
; Port   ; Type  ; Severity ; Details                                                                                                                                      ;
+--------+-------+----------+----------------------------------------------------------------------------------------------------------------------------------------------+
; j      ; Input ; Info     ; Stuck at VCC                                                                                                                                 ;
; k      ; Input ; Info     ; Stuck at VCC                                                                                                                                 ;
; preset ; Input ; Warning  ; Declared by entity but not connected by instance. If a default value exists, it will be used.  Otherwise, the port will be connected to GND. ;
+--------+-------+----------+----------------------------------------------------------------------------------------------------------------------------------------------+


+--------------------------------------------------------------------------------------------------------------------------------------------------------------------------+
; Port Connectivity Checks: "divisor_frequencia:df|FF_jk:FF_jk9"                                                                                                           ;
+--------+-------+----------+----------------------------------------------------------------------------------------------------------------------------------------------+
; Port   ; Type  ; Severity ; Details                                                                                                                                      ;
+--------+-------+----------+----------------------------------------------------------------------------------------------------------------------------------------------+
; j      ; Input ; Info     ; Stuck at VCC                                                                                                                                 ;
; k      ; Input ; Info     ; Stuck at VCC                                                                                                                                 ;
; preset ; Input ; Warning  ; Declared by entity but not connected by instance. If a default value exists, it will be used.  Otherwise, the port will be connected to GND. ;
+--------+-------+----------+----------------------------------------------------------------------------------------------------------------------------------------------+


+--------------------------------------------------------------------------------------------------------------------------------------------------------------------------+
; Port Connectivity Checks: "divisor_frequencia:df|FF_jk:FF_jk8"                                                                                                           ;
+--------+-------+----------+----------------------------------------------------------------------------------------------------------------------------------------------+
; Port   ; Type  ; Severity ; Details                                                                                                                                      ;
+--------+-------+----------+----------------------------------------------------------------------------------------------------------------------------------------------+
; j      ; Input ; Info     ; Stuck at VCC                                                                                                                                 ;
; k      ; Input ; Info     ; Stuck at VCC                                                                                                                                 ;
; preset ; Input ; Warning  ; Declared by entity but not connected by instance. If a default value exists, it will be used.  Otherwise, the port will be connected to GND. ;
+--------+-------+----------+----------------------------------------------------------------------------------------------------------------------------------------------+


+--------------------------------------------------------------------------------------------------------------------------------------------------------------------------+
; Port Connectivity Checks: "divisor_frequencia:df|FF_jk:FF_jk7"                                                                                                           ;
+--------+-------+----------+----------------------------------------------------------------------------------------------------------------------------------------------+
; Port   ; Type  ; Severity ; Details                                                                                                                                      ;
+--------+-------+----------+----------------------------------------------------------------------------------------------------------------------------------------------+
; j      ; Input ; Info     ; Stuck at VCC                                                                                                                                 ;
; k      ; Input ; Info     ; Stuck at VCC                                                                                                                                 ;
; preset ; Input ; Warning  ; Declared by entity but not connected by instance. If a default value exists, it will be used.  Otherwise, the port will be connected to GND. ;
+--------+-------+----------+----------------------------------------------------------------------------------------------------------------------------------------------+


+--------------------------------------------------------------------------------------------------------------------------------------------------------------------------+
; Port Connectivity Checks: "divisor_frequencia:df|FF_jk:FF_jk6"                                                                                                           ;
+--------+-------+----------+----------------------------------------------------------------------------------------------------------------------------------------------+
; Port   ; Type  ; Severity ; Details                                                                                                                                      ;
+--------+-------+----------+----------------------------------------------------------------------------------------------------------------------------------------------+
; j      ; Input ; Info     ; Stuck at VCC                                                                                                                                 ;
; k      ; Input ; Info     ; Stuck at VCC                                                                                                                                 ;
; preset ; Input ; Warning  ; Declared by entity but not connected by instance. If a default value exists, it will be used.  Otherwise, the port will be connected to GND. ;
+--------+-------+----------+----------------------------------------------------------------------------------------------------------------------------------------------+


+--------------------------------------------------------------------------------------------------------------------------------------------------------------------------+
; Port Connectivity Checks: "divisor_frequencia:df|FF_jk:FF_jk5"                                                                                                           ;
+--------+-------+----------+----------------------------------------------------------------------------------------------------------------------------------------------+
; Port   ; Type  ; Severity ; Details                                                                                                                                      ;
+--------+-------+----------+----------------------------------------------------------------------------------------------------------------------------------------------+
; j      ; Input ; Info     ; Stuck at VCC                                                                                                                                 ;
; k      ; Input ; Info     ; Stuck at VCC                                                                                                                                 ;
; preset ; Input ; Warning  ; Declared by entity but not connected by instance. If a default value exists, it will be used.  Otherwise, the port will be connected to GND. ;
+--------+-------+----------+----------------------------------------------------------------------------------------------------------------------------------------------+


+--------------------------------------------------------------------------------------------------------------------------------------------------------------------------+
; Port Connectivity Checks: "divisor_frequencia:df|FF_jk:FF_jk4"                                                                                                           ;
+--------+-------+----------+----------------------------------------------------------------------------------------------------------------------------------------------+
; Port   ; Type  ; Severity ; Details                                                                                                                                      ;
+--------+-------+----------+----------------------------------------------------------------------------------------------------------------------------------------------+
; j      ; Input ; Info     ; Stuck at VCC                                                                                                                                 ;
; k      ; Input ; Info     ; Stuck at VCC                                                                                                                                 ;
; preset ; Input ; Warning  ; Declared by entity but not connected by instance. If a default value exists, it will be used.  Otherwise, the port will be connected to GND. ;
+--------+-------+----------+----------------------------------------------------------------------------------------------------------------------------------------------+


+--------------------------------------------------------------------------------------------------------------------------------------------------------------------------+
; Port Connectivity Checks: "divisor_frequencia:df|FF_jk:FF_jk3"                                                                                                           ;
+--------+-------+----------+----------------------------------------------------------------------------------------------------------------------------------------------+
; Port   ; Type  ; Severity ; Details                                                                                                                                      ;
+--------+-------+----------+----------------------------------------------------------------------------------------------------------------------------------------------+
; j      ; Input ; Info     ; Stuck at VCC                                                                                                                                 ;
; k      ; Input ; Info     ; Stuck at VCC                                                                                                                                 ;
; preset ; Input ; Warning  ; Declared by entity but not connected by instance. If a default value exists, it will be used.  Otherwise, the port will be connected to GND. ;
+--------+-------+----------+----------------------------------------------------------------------------------------------------------------------------------------------+


+--------------------------------------------------------------------------------------------------------------------------------------------------------------------------+
; Port Connectivity Checks: "divisor_frequencia:df|FF_jk:FF_jk2"                                                                                                           ;
+--------+-------+----------+----------------------------------------------------------------------------------------------------------------------------------------------+
; Port   ; Type  ; Severity ; Details                                                                                                                                      ;
+--------+-------+----------+----------------------------------------------------------------------------------------------------------------------------------------------+
; j      ; Input ; Info     ; Stuck at VCC                                                                                                                                 ;
; k      ; Input ; Info     ; Stuck at VCC                                                                                                                                 ;
; preset ; Input ; Warning  ; Declared by entity but not connected by instance. If a default value exists, it will be used.  Otherwise, the port will be connected to GND. ;
+--------+-------+----------+----------------------------------------------------------------------------------------------------------------------------------------------+


+--------------------------------------------------------------------------------------------------------------------------------------------------------------------------+
; Port Connectivity Checks: "divisor_frequencia:df|FF_jk:FF_jk1"                                                                                                           ;
+--------+-------+----------+----------------------------------------------------------------------------------------------------------------------------------------------+
; Port   ; Type  ; Severity ; Details                                                                                                                                      ;
+--------+-------+----------+----------------------------------------------------------------------------------------------------------------------------------------------+
; j      ; Input ; Info     ; Stuck at VCC                                                                                                                                 ;
; k      ; Input ; Info     ; Stuck at VCC                                                                                                                                 ;
; preset ; Input ; Warning  ; Declared by entity but not connected by instance. If a default value exists, it will be used.  Otherwise, the port will be connected to GND. ;
+--------+-------+----------+----------------------------------------------------------------------------------------------------------------------------------------------+


+-------------------------------+
; Analysis & Synthesis Messages ;
+-------------------------------+
Info: *******************************************************************
Info: Running Quartus Prime Analysis & Synthesis
    Info: Version 20.1.0 Build 711 06/05/2020 SJ Lite Edition
    Info: Processing started: Wed Nov 27 09:45:52 2024
Info: Command: quartus_map --read_settings_files=on --write_settings_files=off Sistema_Elevador -c Sistema_Elevador
Warning (18236): Number of processors has not been specified which may cause overloading on shared machines.  Set the global assignment NUM_PARALLEL_PROCESSORS in your QSF to an appropriate value for best performance.
Info (20030): Parallel compilation is enabled and will use 2 of the 2 processors detected
Info (12021): Found 1 design units, including 1 entities, in source file FF_d.v
    Info (12023): Found entity 1: FF_d File: /home/lucas/codigos/uefs/mi circuitos digitais/sistema-elevador-capacidade-pessoas-2.0/sistema elevador/FF_d.v Line: 5
Info (12021): Found 2 design units, including 2 entities, in source file controle_andares.v
    Info (12023): Found entity 1: controle_andares File: /home/lucas/codigos/uefs/mi circuitos digitais/sistema-elevador-capacidade-pessoas-2.0/sistema elevador/controle_andares.v Line: 5
    Info (12023): Found entity 2: controle_proximo_andar File: /home/lucas/codigos/uefs/mi circuitos digitais/sistema-elevador-capacidade-pessoas-2.0/sistema elevador/controle_andares.v Line: 36
Info (12021): Found 1 design units, including 1 entities, in source file display_andar.v
    Info (12023): Found entity 1: display_andar File: /home/lucas/codigos/uefs/mi circuitos digitais/sistema-elevador-capacidade-pessoas-2.0/sistema elevador/display_andar.v Line: 1
Info (12021): Found 1 design units, including 1 entities, in source file FF_jk.v
    Info (12023): Found entity 1: FF_jk File: /home/lucas/codigos/uefs/mi circuitos digitais/sistema-elevador-capacidade-pessoas-2.0/sistema elevador/FF_jk.v Line: 5
Info (12021): Found 1 design units, including 1 entities, in source file main.v
    Info (12023): Found entity 1: main File: /home/lucas/codigos/uefs/mi circuitos digitais/sistema-elevador-capacidade-pessoas-2.0/sistema elevador/main.v Line: 1
Info (12021): Found 1 design units, including 1 entities, in source file divisor_frequencia.v
    Info (12023): Found entity 1: divisor_frequencia File: /home/lucas/codigos/uefs/mi circuitos digitais/sistema-elevador-capacidade-pessoas-2.0/sistema elevador/divisor_frequencia.v Line: 7
Info (12021): Found 1 design units, including 1 entities, in source file comparador.v
    Info (12023): Found entity 1: comparador File: /home/lucas/codigos/uefs/mi circuitos digitais/sistema-elevador-capacidade-pessoas-2.0/sistema elevador/comparador.v Line: 9
Info (12021): Found 1 design units, including 1 entities, in source file mux_2x1.v
    Info (12023): Found entity 1: mux_2x1 File: /home/lucas/codigos/uefs/mi circuitos digitais/sistema-elevador-capacidade-pessoas-2.0/sistema elevador/mux_2x1.v Line: 3
Warning (12018): Entity "tff" will be ignored because it conflicts with Quartus Prime primitive name File: /home/lucas/codigos/uefs/mi circuitos digitais/sistema-elevador-capacidade-pessoas-2.0/sistema elevador/tff.v Line: 2
Info (12021): Found 1 design units, including 1 entities, in source file tff.v
Info (12021): Found 1 design units, including 1 entities, in source file debouce.v
    Info (12023): Found entity 1: debouce File: /home/lucas/codigos/uefs/mi circuitos digitais/sistema-elevador-capacidade-pessoas-2.0/sistema elevador/debouce.v Line: 3
Info (12021): Found 2 design units, including 2 entities, in source file contagem_pessoas_no_elevador.v
    Info (12023): Found entity 1: contagem_pessoas_no_elevador File: /home/lucas/codigos/uefs/mi circuitos digitais/sistema-elevador-capacidade-pessoas-2.0/sistema elevador/contagem_pessoas_no_elevador.v Line: 4
    Info (12023): Found entity 2: controle_quantidade_pessoas_no_elevador File: /home/lucas/codigos/uefs/mi circuitos digitais/sistema-elevador-capacidade-pessoas-2.0/sistema elevador/contagem_pessoas_no_elevador.v Line: 22
Info (12021): Found 1 design units, including 1 entities, in source file display_pessoas.v
    Info (12023): Found entity 1: display_pessoas File: /home/lucas/codigos/uefs/mi circuitos digitais/sistema-elevador-capacidade-pessoas-2.0/sistema elevador/display_pessoas.v Line: 3
Info (12021): Found 1 design units, including 1 entities, in source file gerenciar_display.v
    Info (12023): Found entity 1: gerenciar_display File: /home/lucas/codigos/uefs/mi circuitos digitais/sistema-elevador-capacidade-pessoas-2.0/sistema elevador/gerenciar_display.v Line: 3
Warning (10236): Verilog HDL Implicit Net warning at contagem_pessoas_no_elevador.v(43): created implicit net for "DAY1Y" File: /home/lucas/codigos/uefs/mi circuitos digitais/sistema-elevador-capacidade-pessoas-2.0/sistema elevador/contagem_pessoas_no_elevador.v Line: 43
Critical Warning (10846): Verilog HDL Instantiation warning at controle_andares.v(23): instance has no name File: /home/lucas/codigos/uefs/mi circuitos digitais/sistema-elevador-capacidade-pessoas-2.0/sistema elevador/controle_andares.v Line: 23
Critical Warning (10846): Verilog HDL Instantiation warning at main.v(25): instance has no name File: /home/lucas/codigos/uefs/mi circuitos digitais/sistema-elevador-capacidade-pessoas-2.0/sistema elevador/main.v Line: 25
Critical Warning (10846): Verilog HDL Instantiation warning at main.v(26): instance has no name File: /home/lucas/codigos/uefs/mi circuitos digitais/sistema-elevador-capacidade-pessoas-2.0/sistema elevador/main.v Line: 26
Info (12127): Elaborating entity "main" for the top level hierarchy
Info (12128): Elaborating entity "divisor_frequencia" for hierarchy "divisor_frequencia:df" File: /home/lucas/codigos/uefs/mi circuitos digitais/sistema-elevador-capacidade-pessoas-2.0/sistema elevador/main.v Line: 10
Info (12128): Elaborating entity "FF_jk" for hierarchy "divisor_frequencia:df|FF_jk:FF_jk1" File: /home/lucas/codigos/uefs/mi circuitos digitais/sistema-elevador-capacidade-pessoas-2.0/sistema elevador/divisor_frequencia.v Line: 19
Info (12128): Elaborating entity "controle_andares" for hierarchy "controle_andares:controlAndares" File: /home/lucas/codigos/uefs/mi circuitos digitais/sistema-elevador-capacidade-pessoas-2.0/sistema elevador/main.v Line: 18
Info (12128): Elaborating entity "comparador" for hierarchy "controle_andares:controlAndares|comparador:comparar_andares" File: /home/lucas/codigos/uefs/mi circuitos digitais/sistema-elevador-capacidade-pessoas-2.0/sistema elevador/controle_andares.v Line: 15
Info (12128): Elaborating entity "mux_2x1" for hierarchy "controle_andares:controlAndares|mux_2x1:mux_para_clock" File: /home/lucas/codigos/uefs/mi circuitos digitais/sistema-elevador-capacidade-pessoas-2.0/sistema elevador/controle_andares.v Line: 21
Info (12128): Elaborating entity "controle_proximo_andar" for hierarchy "controle_andares:controlAndares|controle_proximo_andar:comb_5" File: /home/lucas/codigos/uefs/mi circuitos digitais/sistema-elevador-capacidade-pessoas-2.0/sistema elevador/controle_andares.v Line: 23
Info (12128): Elaborating entity "FF_d" for hierarchy "controle_andares:controlAndares|FF_d:FlipFlop_Q1" File: /home/lucas/codigos/uefs/mi circuitos digitais/sistema-elevador-capacidade-pessoas-2.0/sistema elevador/controle_andares.v Line: 25
Info (12128): Elaborating entity "debouce" for hierarchy "debouce:comb_5" File: /home/lucas/codigos/uefs/mi circuitos digitais/sistema-elevador-capacidade-pessoas-2.0/sistema elevador/main.v Line: 25
Info (12128): Elaborating entity "contagem_pessoas_no_elevador" for hierarchy "contagem_pessoas_no_elevador:contador_pessoas_elevador" File: /home/lucas/codigos/uefs/mi circuitos digitais/sistema-elevador-capacidade-pessoas-2.0/sistema elevador/main.v Line: 29
Info (12128): Elaborating entity "controle_quantidade_pessoas_no_elevador" for hierarchy "contagem_pessoas_no_elevador:contador_pessoas_elevador|controle_quantidade_pessoas_no_elevador:control_quant_pes" File: /home/lucas/codigos/uefs/mi circuitos digitais/sistema-elevador-capacidade-pessoas-2.0/sistema elevador/contagem_pessoas_no_elevador.v Line: 12
Info (12128): Elaborating entity "gerenciar_display" for hierarchy "gerenciar_display:gerenciandoDisplay" File: /home/lucas/codigos/uefs/mi circuitos digitais/sistema-elevador-capacidade-pessoas-2.0/sistema elevador/main.v Line: 44
Info (12128): Elaborating entity "display_andar" for hierarchy "gerenciar_display:gerenciandoDisplay|display_andar:displayAndar" File: /home/lucas/codigos/uefs/mi circuitos digitais/sistema-elevador-capacidade-pessoas-2.0/sistema elevador/gerenciar_display.v Line: 10
Info (12128): Elaborating entity "display_pessoas" for hierarchy "gerenciar_display:gerenciandoDisplay|display_pessoas:display_pessoas" File: /home/lucas/codigos/uefs/mi circuitos digitais/sistema-elevador-capacidade-pessoas-2.0/sistema elevador/gerenciar_display.v Line: 14
Warning (12241): 26 hierarchies have connectivity warnings - see the Connectivity Checks report folder
Warning (13024): Output pins are stuck at VCC or GND
    Warning (13410): Pin "p" is stuck at VCC File: /home/lucas/codigos/uefs/mi circuitos digitais/sistema-elevador-capacidade-pessoas-2.0/sistema elevador/main.v Line: 5
    Warning (13410): Pin "d2" is stuck at VCC File: /home/lucas/codigos/uefs/mi circuitos digitais/sistema-elevador-capacidade-pessoas-2.0/sistema elevador/main.v Line: 5
    Warning (13410): Pin "d3" is stuck at VCC File: /home/lucas/codigos/uefs/mi circuitos digitais/sistema-elevador-capacidade-pessoas-2.0/sistema elevador/main.v Line: 5
Info (21057): Implemented 63 device resources after synthesis - the final resource count might be different
    Info (21058): Implemented 5 input pins
    Info (21059): Implemented 14 output pins
    Info (21061): Implemented 44 logic cells
Info (144001): Generated suppressed messages file /home/lucas/codigos/uefs/mi circuitos digitais/sistema-elevador-capacidade-pessoas-2.0/sistema elevador/output_files/Sistema_Elevador.map.smsg
Info: Quartus Prime Analysis & Synthesis was successful. 0 errors, 11 warnings
    Info: Peak virtual memory: 347 megabytes
    Info: Processing ended: Wed Nov 27 09:46:08 2024
    Info: Elapsed time: 00:00:16
    Info: Total CPU time (on all processors): 00:00:23


+------------------------------------------+
; Analysis & Synthesis Suppressed Messages ;
+------------------------------------------+
The suppressed messages can be found in /home/lucas/codigos/uefs/mi circuitos digitais/sistema-elevador-capacidade-pessoas-2.0/sistema elevador/output_files/Sistema_Elevador.map.smsg.


